<?xml version="1.0" encoding="UTF-8"?>
<coverage generated="1681403848976" clover="3.2.0">
  <project timestamp="1681403848976" name="All files">
    <metrics statements="274" coveredstatements="270" conditionals="38" coveredconditionals="27" methods="140" coveredmethods="140" elements="452" coveredelements="437" complexity="0" loc="274" ncloc="274" packages="5" files="19" classes="19"/>
    <package name="Charts.basicCharts">
      <metrics statements="241" coveredstatements="241" conditionals="14" coveredconditionals="7" methods="128" coveredmethods="128"/>
      <file name="areaChart.js" path="/Users/zacharyradford/Desktop/Oomph/src/Charts/basicCharts/areaChart.js">
        <metrics statements="17" coveredstatements="17" conditionals="0" coveredconditionals="0" methods="8" coveredmethods="8"/>
        <line num="3" count="5" type="stmt"/>
        <line num="4" count="5" type="stmt"/>
        <line num="5" count="5" type="stmt"/>
        <line num="8" count="5" type="stmt"/>
        <line num="9" count="15" type="stmt"/>
        <line num="13" count="5" type="stmt"/>
        <line num="14" count="15" type="stmt"/>
        <line num="18" count="5" type="stmt"/>
        <line num="23" count="5" type="stmt"/>
        <line num="26" count="5" type="stmt"/>
        <line num="29" count="5" type="stmt"/>
        <line num="30" count="15" type="stmt"/>
        <line num="32" count="15" type="stmt"/>
        <line num="35" count="5" type="stmt"/>
        <line num="43" count="5" type="stmt"/>
        <line num="49" count="5" type="stmt"/>
        <line num="54" count="5" type="stmt"/>
      </file>
      <file name="barChart.js" path="/Users/zacharyradford/Desktop/Oomph/src/Charts/basicCharts/barChart.js">
        <metrics statements="17" coveredstatements="17" conditionals="0" coveredconditionals="0" methods="9" coveredmethods="9"/>
        <line num="2" count="5" type="stmt"/>
        <line num="3" count="5" type="stmt"/>
        <line num="4" count="5" type="stmt"/>
        <line num="6" count="5" type="stmt"/>
        <line num="7" count="20" type="stmt"/>
        <line num="12" count="5" type="stmt"/>
        <line num="13" count="20" type="stmt"/>
        <line num="17" count="5" type="stmt"/>
        <line num="22" count="5" type="stmt"/>
        <line num="25" count="5" type="stmt"/>
        <line num="28" count="5" type="stmt"/>
        <line num="35" count="5" type="stmt"/>
        <line num="40" count="20" type="stmt"/>
        <line num="41" count="20" type="stmt"/>
        <line num="42" count="20" type="stmt"/>
        <line num="47" count="5" type="stmt"/>
        <line num="52" count="5" type="stmt"/>
      </file>
      <file name="boxPlot.js" path="/Users/zacharyradford/Desktop/Oomph/src/Charts/basicCharts/boxPlot.js">
        <metrics statements="31" coveredstatements="31" conditionals="8" coveredconditionals="4" methods="16" coveredmethods="16"/>
        <line num="3" count="5" type="cond" truecount="1" falsecount="1"/>
        <line num="6" count="5" type="cond" truecount="1" falsecount="1"/>
        <line num="7" count="5" type="cond" truecount="1" falsecount="1"/>
        <line num="8" count="5" type="cond" truecount="1" falsecount="1"/>
        <line num="10" count="5" type="stmt"/>
        <line num="16" count="5" type="stmt"/>
        <line num="20" count="5" type="stmt"/>
        <line num="23" count="5" type="stmt"/>
        <line num="27" count="5" type="stmt"/>
        <line num="32" count="20" type="stmt"/>
        <line num="33" count="20" type="stmt"/>
        <line num="35" count="5" type="stmt"/>
        <line num="38" count="5" type="stmt"/>
        <line num="41" count="5" type="stmt"/>
        <line num="43" count="5" type="stmt"/>
        <line num="44" count="20" type="stmt"/>
        <line num="47" count="20" type="stmt"/>
        <line num="49" count="5" type="stmt"/>
        <line num="50" count="20" type="stmt"/>
        <line num="55" count="20" type="stmt"/>
        <line num="56" count="20" type="stmt"/>
        <line num="59" count="5" type="stmt"/>
        <line num="60" count="20" type="stmt"/>
        <line num="65" count="20" type="stmt"/>
        <line num="66" count="20" type="stmt"/>
        <line num="69" count="5" type="stmt"/>
        <line num="70" count="20" type="stmt"/>
        <line num="75" count="20" type="stmt"/>
        <line num="76" count="20" type="stmt"/>
        <line num="80" count="5" type="stmt"/>
        <line num="82" count="5" type="stmt"/>
      </file>
      <file name="donutChart.js" path="/Users/zacharyradford/Desktop/Oomph/src/Charts/basicCharts/donutChart.js">
        <metrics statements="12" coveredstatements="12" conditionals="0" coveredconditionals="0" methods="5" coveredmethods="5"/>
        <line num="2" count="7" type="stmt"/>
        <line num="4" count="7" type="stmt"/>
        <line num="7" count="7" type="stmt"/>
        <line num="11" count="7" type="stmt"/>
        <line num="13" count="21" type="stmt"/>
        <line num="22" count="7" type="stmt"/>
        <line num="32" count="7" type="stmt"/>
        <line num="39" count="7" type="stmt"/>
        <line num="43" count="21" type="stmt"/>
        <line num="47" count="7" type="stmt"/>
        <line num="48" count="21" type="stmt"/>
        <line num="50" count="21" type="stmt"/>
      </file>
      <file name="funnelChart.js" path="/Users/zacharyradford/Desktop/Oomph/src/Charts/basicCharts/funnelChart.js">
        <metrics statements="18" coveredstatements="18" conditionals="0" coveredconditionals="0" methods="11" coveredmethods="11"/>
        <line num="4" count="5" type="stmt"/>
        <line num="6" count="20" type="stmt"/>
        <line num="8" count="5" type="stmt"/>
        <line num="10" count="20" type="stmt"/>
        <line num="14" count="5" type="stmt"/>
        <line num="19" count="5" type="stmt"/>
        <line num="26" count="20" type="stmt"/>
        <line num="28" count="5" type="stmt"/>
        <line num="32" count="20" type="stmt"/>
        <line num="34" count="5" type="stmt"/>
        <line num="36" count="20" type="stmt"/>
        <line num="37" count="20" type="stmt"/>
        <line num="39" count="20" type="stmt"/>
        <line num="41" count="5" type="stmt"/>
        <line num="44" count="5" type="stmt"/>
        <line num="46" count="5" type="stmt"/>
        <line num="50" count="5" type="stmt"/>
        <line num="51" count="5" type="stmt"/>
      </file>
      <file name="heatMap.js" path="/Users/zacharyradford/Desktop/Oomph/src/Charts/basicCharts/heatMap.js">
        <metrics statements="14" coveredstatements="14" conditionals="0" coveredconditionals="0" methods="7" coveredmethods="7"/>
        <line num="4" count="4" type="stmt"/>
        <line num="7" count="4" type="stmt"/>
        <line num="8" count="24" type="stmt"/>
        <line num="13" count="4" type="stmt"/>
        <line num="14" count="24" type="stmt"/>
        <line num="19" count="4" type="stmt"/>
        <line num="20" count="24" type="stmt"/>
        <line num="23" count="4" type="stmt"/>
        <line num="30" count="4" type="stmt"/>
        <line num="34" count="24" type="stmt"/>
        <line num="35" count="24" type="stmt"/>
        <line num="38" count="24" type="stmt"/>
        <line num="41" count="4" type="stmt"/>
        <line num="53" count="4" type="stmt"/>
      </file>
      <file name="lineGraph.js" path="/Users/zacharyradford/Desktop/Oomph/src/Charts/basicCharts/lineGraph.js">
        <metrics statements="17" coveredstatements="17" conditionals="4" coveredconditionals="2" methods="8" coveredmethods="8"/>
        <line num="2" count="6" type="stmt"/>
        <line num="3" count="6" type="stmt"/>
        <line num="4" count="6" type="stmt"/>
        <line num="6" count="6" type="stmt"/>
        <line num="7" count="18" type="stmt"/>
        <line num="10" count="6" type="stmt"/>
        <line num="11" count="18" type="stmt"/>
        <line num="14" count="6" type="stmt"/>
        <line num="18" count="6" type="stmt"/>
        <line num="21" count="6" type="stmt"/>
        <line num="23" count="6" type="stmt"/>
        <line num="24" count="18" type="stmt"/>
        <line num="25" count="18" type="stmt"/>
        <line num="27" count="6" type="stmt"/>
        <line num="33" count="6" type="stmt"/>
        <line num="40" count="6" type="stmt"/>
        <line num="45" count="6" type="stmt"/>
      </file>
      <file name="pieChart.js" path="/Users/zacharyradford/Desktop/Oomph/src/Charts/basicCharts/pieChart.js">
        <metrics statements="16" coveredstatements="16" conditionals="2" coveredconditionals="1" methods="6" coveredmethods="6"/>
        <line num="3" count="5" type="stmt"/>
        <line num="4" count="5" type="stmt"/>
        <line num="5" count="5" type="stmt"/>
        <line num="8" count="5" type="stmt"/>
        <line num="9" count="25" type="stmt"/>
        <line num="13" count="5" type="stmt"/>
        <line num="14" count="50" type="stmt"/>
        <line num="18" count="5" type="stmt"/>
        <line num="24" count="5" type="stmt"/>
        <line num="36" count="5" type="stmt"/>
        <line num="39" count="25" type="stmt"/>
        <line num="45" count="5" type="cond" truecount="1" falsecount="1"/>
        <line num="47" count="5" type="stmt"/>
        <line num="55" count="5" type="stmt"/>
        <line num="58" count="25" type="stmt"/>
        <line num="61" count="25" type="stmt"/>
      </file>
      <file name="polarChart.js" path="/Users/zacharyradford/Desktop/Oomph/src/Charts/basicCharts/polarChart.js">
        <metrics statements="18" coveredstatements="18" conditionals="0" coveredconditionals="0" methods="11" coveredmethods="11"/>
        <line num="4" count="6" type="stmt"/>
        <line num="6" count="6" type="stmt"/>
        <line num="8" count="6" type="stmt"/>
        <line num="10" count="18" type="stmt"/>
        <line num="14" count="6" type="stmt"/>
        <line num="16" count="18" type="stmt"/>
        <line num="19" count="6" type="stmt"/>
        <line num="28" count="18" type="stmt"/>
        <line num="30" count="6" type="stmt"/>
        <line num="33" count="18" type="stmt"/>
        <line num="34" count="18" type="stmt"/>
        <line num="35" count="18" type="stmt"/>
        <line num="39" count="6" type="stmt"/>
        <line num="44" count="18" type="stmt"/>
        <line num="47" count="6" type="stmt"/>
        <line num="51" count="18" type="stmt"/>
        <line num="52" count="18" type="stmt"/>
        <line num="53" count="18" type="stmt"/>
      </file>
      <file name="radarChart.js" path="/Users/zacharyradford/Desktop/Oomph/src/Charts/basicCharts/radarChart.js">
        <metrics statements="22" coveredstatements="22" conditionals="0" coveredconditionals="0" methods="12" coveredmethods="12"/>
        <line num="4" count="10" type="stmt"/>
        <line num="6" count="10" type="stmt"/>
        <line num="8" count="10" type="stmt"/>
        <line num="10" count="10" type="stmt"/>
        <line num="19" count="10" type="stmt"/>
        <line num="21" count="10" type="stmt"/>
        <line num="24" count="10" type="stmt"/>
        <line num="29" count="50" type="stmt"/>
        <line num="36" count="10" type="stmt"/>
        <line num="37" count="50" type="stmt"/>
        <line num="38" count="50" type="stmt"/>
        <line num="43" count="250" type="stmt"/>
        <line num="44" count="250" type="stmt"/>
        <line num="45" count="250" type="stmt"/>
        <line num="46" count="250" type="stmt"/>
        <line num="53" count="10" type="stmt"/>
        <line num="58" count="50" type="stmt"/>
        <line num="59" count="50" type="stmt"/>
        <line num="60" count="50" type="stmt"/>
        <line num="65" count="10" type="stmt"/>
        <line num="72" count="50" type="stmt"/>
        <line num="73" count="50" type="stmt"/>
      </file>
      <file name="scatterPlot.js" path="/Users/zacharyradford/Desktop/Oomph/src/Charts/basicCharts/scatterPlot.js">
        <metrics statements="16" coveredstatements="16" conditionals="0" coveredconditionals="0" methods="8" coveredmethods="8"/>
        <line num="2" count="5" type="stmt"/>
        <line num="3" count="5" type="stmt"/>
        <line num="4" count="5" type="stmt"/>
        <line num="7" count="5" type="stmt"/>
        <line num="8" count="15" type="stmt"/>
        <line num="12" count="5" type="stmt"/>
        <line num="13" count="15" type="stmt"/>
        <line num="17" count="5" type="stmt"/>
        <line num="22" count="5" type="stmt"/>
        <line num="25" count="5" type="stmt"/>
        <line num="28" count="5" type="stmt"/>
        <line num="35" count="5" type="stmt"/>
        <line num="40" count="15" type="stmt"/>
        <line num="41" count="15" type="stmt"/>
        <line num="46" count="5" type="stmt"/>
        <line num="51" count="5" type="stmt"/>
      </file>
      <file name="stackedBarChart.js" path="/Users/zacharyradford/Desktop/Oomph/src/Charts/basicCharts/stackedBarChart.js">
        <metrics statements="26" coveredstatements="26" conditionals="0" coveredconditionals="0" methods="17" coveredmethods="17"/>
        <line num="2" count="5" type="stmt"/>
        <line num="3" count="5" type="stmt"/>
        <line num="4" count="5" type="stmt"/>
        <line num="7" count="5" type="stmt"/>
        <line num="8" count="15" type="stmt"/>
        <line num="13" count="5" type="stmt"/>
        <line num="14" count="45" type="stmt"/>
        <line num="19" count="5" type="stmt"/>
        <line num="20" count="15" type="stmt"/>
        <line num="24" count="5" type="stmt"/>
        <line num="25" count="15" type="stmt"/>
        <line num="26" count="90" type="stmt"/>
        <line num="29" count="5" type="stmt"/>
        <line num="34" count="5" type="stmt"/>
        <line num="37" count="5" type="stmt"/>
        <line num="40" count="5" type="stmt"/>
        <line num="47" count="5" type="stmt"/>
        <line num="49" count="15" type="stmt"/>
        <line num="51" count="12" type="stmt"/>
        <line num="54" count="5" type="stmt"/>
        <line num="55" count="12" type="stmt"/>
        <line num="57" count="36" type="stmt"/>
        <line num="58" count="36" type="stmt"/>
        <line num="59" count="36" type="stmt"/>
        <line num="63" count="5" type="stmt"/>
        <line num="68" count="5" type="stmt"/>
      </file>
      <file name="waterfallChart.js" path="/Users/zacharyradford/Desktop/Oomph/src/Charts/basicCharts/waterfallChart.js">
        <metrics statements="17" coveredstatements="17" conditionals="0" coveredconditionals="0" methods="10" coveredmethods="10"/>
        <line num="3" count="5" type="stmt"/>
        <line num="4" count="5" type="stmt"/>
        <line num="5" count="5" type="stmt"/>
        <line num="8" count="5" type="stmt"/>
        <line num="9" count="25" type="stmt"/>
        <line num="14" count="5" type="stmt"/>
        <line num="15" count="25" type="stmt"/>
        <line num="19" count="5" type="stmt"/>
        <line num="23" count="5" type="stmt"/>
        <line num="26" count="5" type="stmt"/>
        <line num="30" count="5" type="stmt"/>
        <line num="36" count="5" type="stmt"/>
        <line num="40" count="25" type="stmt"/>
        <line num="41" count="25" type="stmt"/>
        <line num="42" count="25" type="stmt"/>
        <line num="46" count="5" type="stmt"/>
        <line num="50" count="5" type="stmt"/>
      </file>
    </package>
    <package name="Charts.hierarchicalCharts">
      <metrics statements="13" coveredstatements="13" conditionals="2" coveredconditionals="2" methods="6" coveredmethods="6"/>
      <file name="treeDiagram.js" path="/Users/zacharyradford/Desktop/Oomph/src/Charts/hierarchicalCharts/treeDiagram.js">
        <metrics statements="13" coveredstatements="13" conditionals="2" coveredconditionals="2" methods="6" coveredmethods="6"/>
        <line num="8" count="4" type="stmt"/>
        <line num="10" count="4" type="stmt"/>
        <line num="19" count="4" type="stmt"/>
        <line num="21" count="4" type="stmt"/>
        <line num="23" count="4" type="stmt"/>
        <line num="25" count="4" type="stmt"/>
        <line num="33" count="40" type="stmt"/>
        <line num="35" count="4" type="stmt"/>
        <line num="40" count="24" type="stmt"/>
        <line num="42" count="4" type="stmt"/>
        <line num="47" count="4" type="stmt"/>
        <line num="50" count="24" type="cond" truecount="2" falsecount="0"/>
        <line num="51" count="24" type="stmt"/>
      </file>
    </package>
    <package name="Classes.data">
      <metrics statements="3" coveredstatements="3" conditionals="0" coveredconditionals="0" methods="1" coveredmethods="1"/>
      <file name="graphSuperClass.js" path="/Users/zacharyradford/Desktop/Oomph/src/Classes/data/graphSuperClass.js">
        <metrics statements="3" coveredstatements="3" conditionals="0" coveredconditionals="0" methods="1" coveredmethods="1"/>
        <line num="16" count="1" type="stmt"/>
        <line num="17" count="1" type="stmt"/>
        <line num="18" count="1" type="stmt"/>
      </file>
    </package>
    <package name="Classes.data.graphTypes">
      <metrics statements="3" coveredstatements="3" conditionals="0" coveredconditionals="0" methods="3" coveredmethods="3"/>
      <file name="chartTypes.js" path="/Users/zacharyradford/Desktop/Oomph/src/Classes/data/graphTypes/chartTypes.js">
        <metrics statements="1" coveredstatements="1" conditionals="0" coveredconditionals="0" methods="1" coveredmethods="1"/>
        <line num="11" count="1" type="stmt"/>
      </file>
      <file name="inputTypes.js" path="/Users/zacharyradford/Desktop/Oomph/src/Classes/data/graphTypes/inputTypes.js">
        <metrics statements="1" coveredstatements="1" conditionals="0" coveredconditionals="0" methods="1" coveredmethods="1"/>
        <line num="12" count="1" type="stmt"/>
      </file>
      <file name="tagTypes.js" path="/Users/zacharyradford/Desktop/Oomph/src/Classes/data/graphTypes/tagTypes.js">
        <metrics statements="1" coveredstatements="1" conditionals="0" coveredconditionals="0" methods="1" coveredmethods="1"/>
        <line num="12" count="1" type="stmt"/>
      </file>
    </package>
    <package name="ValidatorFunctions">
      <metrics statements="14" coveredstatements="10" conditionals="22" coveredconditionals="18" methods="2" coveredmethods="2"/>
      <file name="optionsValidator.js" path="/Users/zacharyradford/Desktop/Oomph/src/ValidatorFunctions/optionsValidator.js">
        <metrics statements="14" coveredstatements="10" conditionals="22" coveredconditionals="18" methods="2" coveredmethods="2"/>
        <line num="2" count="3" type="cond" truecount="4" falsecount="0"/>
        <line num="3" count="1" type="stmt"/>
        <line num="6" count="2" type="cond" truecount="4" falsecount="0"/>
        <line num="7" count="1" type="stmt"/>
        <line num="9" count="1" type="stmt"/>
        <line num="11" count="1" type="cond" truecount="3" falsecount="1"/>
        <line num="12" count="0" type="stmt"/>
        <line num="15" count="1" type="cond" truecount="3" falsecount="1"/>
        <line num="16" count="0" type="stmt"/>
        <line num="19" count="1" type="cond" truecount="3" falsecount="1"/>
        <line num="20" count="0" type="stmt"/>
        <line num="23" count="4" type="cond" truecount="1" falsecount="1"/>
        <line num="24" count="0" type="stmt"/>
        <line num="28" count="1" type="stmt"/>
      </file>
    </package>
  </project>
</coverage>
