{"/Users/zacharyradford/Desktop/Oomph/src/Charts/simpleCharts/barChart.js": {"path":"/Users/zacharyradford/Desktop/Oomph/src/Charts/simpleCharts/barChart.js","statementMap":{"0":{"start":{"line":3,"column":18},"end":{"line":3,"column":31}},"1":{"start":{"line":4,"column":19},"end":{"line":4,"column":33}},"2":{"start":{"line":5,"column":19},"end":{"line":5,"column":33}},"3":{"start":{"line":7,"column":14},"end":{"line":10,"column":19}},"4":{"start":{"line":8,"column":28},"end":{"line":8,"column":35}},"5":{"start":{"line":13,"column":14},"end":{"line":15,"column":50}},"6":{"start":{"line":14,"column":36},"end":{"line":14,"column":43}},"7":{"start":{"line":18,"column":18},"end":{"line":20,"column":46}},"8":{"start":{"line":18,"column":23},"end":{"line":20,"column":46}},"9":{"start":{"line":23,"column":18},"end":{"line":26,"column":46}},"10":{"start":{"line":23,"column":23},"end":{"line":26,"column":46}},"11":{"start":{"line":26,"column":17},"end":{"line":26,"column":45}},"12":{"start":{"line":29,"column":16},"end":{"line":33,"column":29}},"13":{"start":{"line":36,"column":4},"end":{"line":44,"column":36}},"14":{"start":{"line":41,"column":22},"end":{"line":41,"column":32}},"15":{"start":{"line":42,"column":22},"end":{"line":42,"column":32}},"16":{"start":{"line":43,"column":27},"end":{"line":43,"column":44}},"17":{"start":{"line":47,"column":4},"end":{"line":49,"column":17}},"18":{"start":{"line":52,"column":4},"end":{"line":54,"column":17}}},"fnMap":{"0":{"name":"createD3BarChart","decl":{"start":{"line":2,"column":24},"end":{"line":2,"column":40}},"loc":{"start":{"line":2,"column":66},"end":{"line":55,"column":3}},"line":2},"1":{"name":"(anonymous_1)","decl":{"start":{"line":8,"column":23},"end":{"line":8,"column":24}},"loc":{"start":{"line":8,"column":28},"end":{"line":8,"column":35}},"line":8},"2":{"name":"(anonymous_2)","decl":{"start":{"line":14,"column":31},"end":{"line":14,"column":32}},"loc":{"start":{"line":14,"column":36},"end":{"line":14,"column":43}},"line":14},"3":{"name":"(anonymous_3)","decl":{"start":{"line":18,"column":18},"end":{"line":18,"column":19}},"loc":{"start":{"line":18,"column":23},"end":{"line":20,"column":46}},"line":18},"4":{"name":"(anonymous_4)","decl":{"start":{"line":23,"column":18},"end":{"line":23,"column":19}},"loc":{"start":{"line":23,"column":23},"end":{"line":26,"column":46}},"line":23},"5":{"name":"(anonymous_5)","decl":{"start":{"line":26,"column":12},"end":{"line":26,"column":13}},"loc":{"start":{"line":26,"column":17},"end":{"line":26,"column":45}},"line":26},"6":{"name":"(anonymous_6)","decl":{"start":{"line":41,"column":17},"end":{"line":41,"column":18}},"loc":{"start":{"line":41,"column":22},"end":{"line":41,"column":32}},"line":41},"7":{"name":"(anonymous_7)","decl":{"start":{"line":42,"column":17},"end":{"line":42,"column":18}},"loc":{"start":{"line":42,"column":22},"end":{"line":42,"column":32}},"line":42},"8":{"name":"(anonymous_8)","decl":{"start":{"line":43,"column":22},"end":{"line":43,"column":23}},"loc":{"start":{"line":43,"column":27},"end":{"line":43,"column":44}},"line":43}},"branchMap":{"0":{"loc":{"start":{"line":37,"column":23},"end":{"line":37,"column":51}},"type":"binary-expr","locations":[{"start":{"line":37,"column":23},"end":{"line":37,"column":36}},{"start":{"line":37,"column":40},"end":{"line":37,"column":51}}],"line":37}},"s":{"0":2,"1":2,"2":2,"3":2,"4":7,"5":2,"6":7,"7":2,"8":2,"9":2,"10":2,"11":2,"12":2,"13":2,"14":7,"15":7,"16":7,"17":2,"18":2},"f":{"0":2,"1":7,"2":7,"3":2,"4":2,"5":2,"6":7,"7":7,"8":7},"b":{"0":[2,0]},"_coverageSchema":"1a1c01bbd47fc00a2c39e90264f33305004495a9","hash":"d68255e88e712eae1038292def69e40a2c984107"}
,"/Users/zacharyradford/Desktop/Oomph/src/SampleData/optionsData.js": {"path":"/Users/zacharyradford/Desktop/Oomph/src/SampleData/optionsData.js","statementMap":{"0":{"start":{"line":1,"column":36},"end":{"line":7,"column":1}},"1":{"start":{"line":9,"column":23},"end":{"line":18,"column":1}},"2":{"start":{"line":20,"column":24},"end":{"line":20,"column":26}},"3":{"start":{"line":21,"column":0},"end":{"line":23,"column":2}},"4":{"start":{"line":24,"column":0},"end":{"line":24,"column":21}},"5":{"start":{"line":25,"column":0},"end":{"line":25,"column":22}},"6":{"start":{"line":26,"column":0},"end":{"line":26,"column":20}},"7":{"start":{"line":27,"column":0},"end":{"line":27,"column":25}},"8":{"start":{"line":28,"column":0},"end":{"line":28,"column":27}}},"fnMap":{},"branchMap":{},"s":{"0":1,"1":1,"2":1,"3":1,"4":1,"5":1,"6":1,"7":1,"8":1},"f":{},"b":{},"_coverageSchema":"1a1c01bbd47fc00a2c39e90264f33305004495a9","hash":"6dcf5faf2ebd93b3238531c5afe6857d30929c05"}
,"/Users/zacharyradford/Desktop/Oomph/src/ValidatorFunctions/optionsValidator.js": {"path":"/Users/zacharyradford/Desktop/Oomph/src/ValidatorFunctions/optionsValidator.js","statementMap":{"0":{"start":{"line":2,"column":2},"end":{"line":4,"column":3}},"1":{"start":{"line":3,"column":4},"end":{"line":3,"column":80}},"2":{"start":{"line":6,"column":2},"end":{"line":8,"column":3}},"3":{"start":{"line":7,"column":4},"end":{"line":7,"column":77}},"4":{"start":{"line":9,"column":36},"end":{"line":9,"column":43}},"5":{"start":{"line":11,"column":2},"end":{"line":13,"column":3}},"6":{"start":{"line":12,"column":4},"end":{"line":12,"column":73}},"7":{"start":{"line":15,"column":2},"end":{"line":17,"column":3}},"8":{"start":{"line":16,"column":4},"end":{"line":16,"column":75}},"9":{"start":{"line":19,"column":2},"end":{"line":21,"column":3}},"10":{"start":{"line":20,"column":4},"end":{"line":20,"column":75}},"11":{"start":{"line":23,"column":2},"end":{"line":25,"column":3}},"12":{"start":{"line":23,"column":58},"end":{"line":23,"column":90}},"13":{"start":{"line":24,"column":4},"end":{"line":24,"column":127}},"14":{"start":{"line":28,"column":0},"end":{"line":28,"column":32}}},"fnMap":{"0":{"name":"validateInputs","decl":{"start":{"line":1,"column":9},"end":{"line":1,"column":23}},"loc":{"start":{"line":1,"column":49},"end":{"line":26,"column":1}},"line":1},"1":{"name":"(anonymous_1)","decl":{"start":{"line":23,"column":48},"end":{"line":23,"column":49}},"loc":{"start":{"line":23,"column":58},"end":{"line":23,"column":90}},"line":23}},"branchMap":{"0":{"loc":{"start":{"line":2,"column":2},"end":{"line":4,"column":3}},"type":"if","locations":[{"start":{"line":2,"column":2},"end":{"line":4,"column":3}},{"start":{},"end":{}}],"line":2},"1":{"loc":{"start":{"line":2,"column":6},"end":{"line":2,"column":47}},"type":"binary-expr","locations":[{"start":{"line":2,"column":6},"end":{"line":2,"column":34}},{"start":{"line":2,"column":38},"end":{"line":2,"column":47}}],"line":2},"2":{"loc":{"start":{"line":6,"column":2},"end":{"line":8,"column":3}},"type":"if","locations":[{"start":{"line":6,"column":2},"end":{"line":8,"column":3}},{"start":{},"end":{}}],"line":6},"3":{"loc":{"start":{"line":6,"column":6},"end":{"line":6,"column":45}},"type":"binary-expr","locations":[{"start":{"line":6,"column":6},"end":{"line":6,"column":33}},{"start":{"line":6,"column":37},"end":{"line":6,"column":45}}],"line":6},"4":{"loc":{"start":{"line":11,"column":2},"end":{"line":13,"column":3}},"type":"if","locations":[{"start":{"line":11,"column":2},"end":{"line":13,"column":3}},{"start":{},"end":{}}],"line":11},"5":{"loc":{"start":{"line":11,"column":6},"end":{"line":11,"column":45}},"type":"binary-expr","locations":[{"start":{"line":11,"column":6},"end":{"line":11,"column":31}},{"start":{"line":11,"column":35},"end":{"line":11,"column":45}}],"line":11},"6":{"loc":{"start":{"line":15,"column":2},"end":{"line":17,"column":3}},"type":"if","locations":[{"start":{"line":15,"column":2},"end":{"line":17,"column":3}},{"start":{},"end":{}}],"line":15},"7":{"loc":{"start":{"line":15,"column":6},"end":{"line":15,"column":47}},"type":"binary-expr","locations":[{"start":{"line":15,"column":6},"end":{"line":15,"column":32}},{"start":{"line":15,"column":36},"end":{"line":15,"column":47}}],"line":15},"8":{"loc":{"start":{"line":19,"column":2},"end":{"line":21,"column":3}},"type":"if","locations":[{"start":{"line":19,"column":2},"end":{"line":21,"column":3}},{"start":{},"end":{}}],"line":19},"9":{"loc":{"start":{"line":19,"column":6},"end":{"line":19,"column":43}},"type":"binary-expr","locations":[{"start":{"line":19,"column":6},"end":{"line":19,"column":32}},{"start":{"line":19,"column":36},"end":{"line":19,"column":43}}],"line":19},"10":{"loc":{"start":{"line":23,"column":2},"end":{"line":25,"column":3}},"type":"if","locations":[{"start":{"line":23,"column":2},"end":{"line":25,"column":3}},{"start":{},"end":{}}],"line":23}},"s":{"0":3,"1":1,"2":2,"3":1,"4":1,"5":1,"6":0,"7":1,"8":0,"9":1,"10":0,"11":1,"12":4,"13":0,"14":1},"f":{"0":3,"1":4},"b":{"0":[1,2],"1":[3,2],"2":[1,1],"3":[2,2],"4":[0,1],"5":[1,1],"6":[0,1],"7":[1,1],"8":[0,1],"9":[1,1],"10":[0,1]},"_coverageSchema":"1a1c01bbd47fc00a2c39e90264f33305004495a9","hash":"cc359c173a10ef6c5256b1c6c831e0d41059cdaa"}
}
