{"/Users/zacharyradford/Desktop/Oomph/src/SampleData/optionsData.js": {"path":"/Users/zacharyradford/Desktop/Oomph/src/SampleData/optionsData.js","statementMap":{"0":{"start":{"line":9,"column":16},"end":{"line":16,"column":1}},"1":{"start":{"line":24,"column":17},"end":{"line":24,"column":19}},"2":{"start":{"line":25,"column":0},"end":{"line":25,"column":63}},"3":{"start":{"line":26,"column":0},"end":{"line":26,"column":21}},"4":{"start":{"line":27,"column":0},"end":{"line":27,"column":22}},"5":{"start":{"line":28,"column":0},"end":{"line":28,"column":20}},"6":{"start":{"line":29,"column":0},"end":{"line":29,"column":25}},"7":{"start":{"line":30,"column":0},"end":{"line":30,"column":27}},"8":{"start":{"line":32,"column":0},"end":{"line":32,"column":39}}},"fnMap":{},"branchMap":{},"s":{"0":1,"1":1,"2":1,"3":1,"4":1,"5":1,"6":1,"7":1,"8":1},"f":{},"b":{},"_coverageSchema":"1a1c01bbd47fc00a2c39e90264f33305004495a9","hash":"170c6051733a7368b2a26a2b308ca4bfc22af4f9"}
,"/Users/zacharyradford/Desktop/Oomph/src/ValidatorFunctions/barChartValid.js": {"path":"/Users/zacharyradford/Desktop/Oomph/src/ValidatorFunctions/barChartValid.js","statementMap":{"0":{"start":{"line":2,"column":4},"end":{"line":4,"column":5}},"1":{"start":{"line":2,"column":49},"end":{"line":2,"column":77}},"2":{"start":{"line":3,"column":6},"end":{"line":3,"column":118}},"3":{"start":{"line":6,"column":4},"end":{"line":8,"column":5}},"4":{"start":{"line":7,"column":6},"end":{"line":7,"column":82}},"5":{"start":{"line":10,"column":4},"end":{"line":12,"column":5}},"6":{"start":{"line":11,"column":6},"end":{"line":11,"column":79}},"7":{"start":{"line":13,"column":4},"end":{"line":13,"column":87}},"8":{"start":{"line":14,"column":38},"end":{"line":14,"column":45}},"9":{"start":{"line":16,"column":4},"end":{"line":19,"column":5}},"10":{"start":{"line":17,"column":6},"end":{"line":17,"column":67}},"11":{"start":{"line":18,"column":6},"end":{"line":18,"column":75}},"12":{"start":{"line":21,"column":4},"end":{"line":23,"column":5}},"13":{"start":{"line":22,"column":6},"end":{"line":22,"column":77}},"14":{"start":{"line":25,"column":4},"end":{"line":27,"column":5}},"15":{"start":{"line":26,"column":6},"end":{"line":26,"column":77}},"16":{"start":{"line":29,"column":4},"end":{"line":31,"column":5}},"17":{"start":{"line":29,"column":58},"end":{"line":29,"column":90}},"18":{"start":{"line":30,"column":6},"end":{"line":30,"column":129}},"19":{"start":{"line":34,"column":2},"end":{"line":34,"column":34}}},"fnMap":{"0":{"name":"validateInputs","decl":{"start":{"line":1,"column":9},"end":{"line":1,"column":23}},"loc":{"start":{"line":1,"column":49},"end":{"line":32,"column":3}},"line":1},"1":{"name":"(anonymous_1)","decl":{"start":{"line":2,"column":44},"end":{"line":2,"column":45}},"loc":{"start":{"line":2,"column":49},"end":{"line":2,"column":77}},"line":2},"2":{"name":"(anonymous_2)","decl":{"start":{"line":29,"column":50},"end":{"line":29,"column":51}},"loc":{"start":{"line":29,"column":58},"end":{"line":29,"column":90}},"line":29}},"branchMap":{"0":{"loc":{"start":{"line":2,"column":4},"end":{"line":4,"column":5}},"type":"if","locations":[{"start":{"line":2,"column":4},"end":{"line":4,"column":5}},{"start":{},"end":{}}],"line":2},"1":{"loc":{"start":{"line":2,"column":8},"end":{"line":2,"column":78}},"type":"binary-expr","locations":[{"start":{"line":2,"column":8},"end":{"line":2,"column":28}},{"start":{"line":2,"column":32},"end":{"line":2,"column":78}}],"line":2},"2":{"loc":{"start":{"line":2,"column":49},"end":{"line":2,"column":77}},"type":"binary-expr","locations":[{"start":{"line":2,"column":49},"end":{"line":2,"column":61}},{"start":{"line":2,"column":65},"end":{"line":2,"column":77}}],"line":2},"3":{"loc":{"start":{"line":6,"column":4},"end":{"line":8,"column":5}},"type":"if","locations":[{"start":{"line":6,"column":4},"end":{"line":8,"column":5}},{"start":{},"end":{}}],"line":6},"4":{"loc":{"start":{"line":6,"column":8},"end":{"line":6,"column":49}},"type":"binary-expr","locations":[{"start":{"line":6,"column":8},"end":{"line":6,"column":36}},{"start":{"line":6,"column":40},"end":{"line":6,"column":49}}],"line":6},"5":{"loc":{"start":{"line":10,"column":4},"end":{"line":12,"column":5}},"type":"if","locations":[{"start":{"line":10,"column":4},"end":{"line":12,"column":5}},{"start":{},"end":{}}],"line":10},"6":{"loc":{"start":{"line":10,"column":8},"end":{"line":10,"column":47}},"type":"binary-expr","locations":[{"start":{"line":10,"column":8},"end":{"line":10,"column":35}},{"start":{"line":10,"column":39},"end":{"line":10,"column":47}}],"line":10},"7":{"loc":{"start":{"line":16,"column":4},"end":{"line":19,"column":5}},"type":"if","locations":[{"start":{"line":16,"column":4},"end":{"line":19,"column":5}},{"start":{},"end":{}}],"line":16},"8":{"loc":{"start":{"line":16,"column":8},"end":{"line":16,"column":47}},"type":"binary-expr","locations":[{"start":{"line":16,"column":8},"end":{"line":16,"column":33}},{"start":{"line":16,"column":37},"end":{"line":16,"column":47}}],"line":16},"9":{"loc":{"start":{"line":21,"column":4},"end":{"line":23,"column":5}},"type":"if","locations":[{"start":{"line":21,"column":4},"end":{"line":23,"column":5}},{"start":{},"end":{}}],"line":21},"10":{"loc":{"start":{"line":21,"column":8},"end":{"line":21,"column":49}},"type":"binary-expr","locations":[{"start":{"line":21,"column":8},"end":{"line":21,"column":34}},{"start":{"line":21,"column":38},"end":{"line":21,"column":49}}],"line":21},"11":{"loc":{"start":{"line":25,"column":4},"end":{"line":27,"column":5}},"type":"if","locations":[{"start":{"line":25,"column":4},"end":{"line":27,"column":5}},{"start":{},"end":{}}],"line":25},"12":{"loc":{"start":{"line":25,"column":8},"end":{"line":25,"column":45}},"type":"binary-expr","locations":[{"start":{"line":25,"column":8},"end":{"line":25,"column":34}},{"start":{"line":25,"column":38},"end":{"line":25,"column":45}}],"line":25},"13":{"loc":{"start":{"line":29,"column":4},"end":{"line":31,"column":5}},"type":"if","locations":[{"start":{"line":29,"column":4},"end":{"line":31,"column":5}},{"start":{},"end":{}}],"line":29}},"s":{"0":4,"1":7,"2":1,"3":3,"4":1,"5":2,"6":1,"7":1,"8":1,"9":1,"10":0,"11":0,"12":1,"13":0,"14":1,"15":0,"16":1,"17":4,"18":0,"19":1},"f":{"0":4,"1":7,"2":4},"b":{"0":[1,3],"1":[4,4],"2":[7,7],"3":[1,2],"4":[3,2],"5":[1,1],"6":[2,2],"7":[0,1],"8":[1,1],"9":[0,1],"10":[1,1],"11":[0,1],"12":[1,1],"13":[0,1]},"_coverageSchema":"1a1c01bbd47fc00a2c39e90264f33305004495a9","hash":"bbf3149aebec16bd837f243b477b1f92e55fefa9"}
}
