TN:
SF:src/SampleData/optionsData.js
FNF:0
FNH:0
DA:9,1
DA:24,1
DA:25,1
DA:26,1
DA:27,1
DA:28,1
DA:29,1
DA:30,1
DA:32,1
LF:9
LH:9
BRF:0
BRH:0
end_of_record
TN:
SF:src/ValidatorFunctions/barChartValid.js
FN:1,validateInputs
FN:2,(anonymous_1)
FN:29,(anonymous_2)
FNF:3
FNH:3
FNDA:4,validateInputs
FNDA:7,(anonymous_1)
FNDA:4,(anonymous_2)
DA:2,7
DA:3,1
DA:6,3
DA:7,1
DA:10,2
DA:11,1
DA:13,1
DA:14,1
DA:16,1
DA:17,0
DA:18,0
DA:21,1
DA:22,0
DA:25,1
DA:26,0
DA:29,4
DA:30,0
DA:34,1
LF:18
LH:13
BRDA:2,0,0,1
BRDA:2,0,1,3
BRDA:2,1,0,4
BRDA:2,1,1,4
BRDA:2,2,0,7
BRDA:2,2,1,7
BRDA:6,3,0,1
BRDA:6,3,1,2
BRDA:6,4,0,3
BRDA:6,4,1,2
BRDA:10,5,0,1
BRDA:10,5,1,1
BRDA:10,6,0,2
BRDA:10,6,1,2
BRDA:16,7,0,0
BRDA:16,7,1,1
BRDA:16,8,0,1
BRDA:16,8,1,1
BRDA:21,9,0,0
BRDA:21,9,1,1
BRDA:21,10,0,1
BRDA:21,10,1,1
BRDA:25,11,0,0
BRDA:25,11,1,1
BRDA:25,12,0,1
BRDA:25,12,1,1
BRDA:29,13,0,0
BRDA:29,13,1,1
BRF:28
BRH:24
end_of_record
