TN:
SF:src/Charts/basicCharts/areaChart.js
FN:1,createD3AreaChart
FN:9,(anonymous_1)
FN:11,(anonymous_2)
FNF:3
FNH:1
FNDA:5,createD3AreaChart
FNDA:0,(anonymous_1)
FNDA:0,(anonymous_2)
DA:2,5
DA:3,5
DA:4,5
DA:5,5
DA:6,5
DA:8,5
DA:9,0
DA:11,0
DA:15,0
LF:9
LH:6
BRF:0
BRH:0
end_of_record
TN:
SF:src/Charts/basicCharts/barChart.js
FN:1,createD3BarChart
FN:11,(anonymous_1)
FN:12,(anonymous_2)
FN:13,(anonymous_3)
FNF:4
FNH:1
FNDA:5,createD3BarChart
FNDA:0,(anonymous_1)
FNDA:0,(anonymous_2)
FNDA:0,(anonymous_3)
DA:2,5
DA:3,5
DA:4,5
DA:7,5
DA:11,0
DA:12,0
DA:13,0
LF:7
LH:4
BRF:0
BRH:0
end_of_record
TN:
SF:src/Charts/basicCharts/boxPlot.js
FN:1,createD3BoxPlot
FN:10,update
FN:11,(anonymous_2)
FN:12,(anonymous_3)
FN:12,(anonymous_4)
FN:23,(anonymous_5)
FN:26,(anonymous_6)
FN:29,(anonymous_7)
FN:34,(anonymous_8)
FN:35,(anonymous_9)
FN:39,(anonymous_10)
FN:44,(anonymous_11)
FN:45,(anonymous_12)
FN:49,(anonymous_13)
FN:54,(anonymous_14)
FN:55,(anonymous_15)
FNF:16
FNH:2
FNDA:5,createD3BoxPlot
FNDA:5,update
FNDA:0,(anonymous_2)
FNDA:0,(anonymous_3)
FNDA:0,(anonymous_4)
FNDA:0,(anonymous_5)
FNDA:0,(anonymous_6)
FNDA:0,(anonymous_7)
FNDA:0,(anonymous_8)
FNDA:0,(anonymous_9)
FNDA:0,(anonymous_10)
FNDA:0,(anonymous_11)
FNDA:0,(anonymous_12)
FNDA:0,(anonymous_13)
FNDA:0,(anonymous_14)
FNDA:0,(anonymous_15)
DA:3,5
DA:4,5
DA:5,5
DA:6,5
DA:7,5
DA:8,5
DA:11,5
DA:12,0
DA:14,0
DA:17,0
DA:20,0
DA:22,0
DA:23,0
DA:26,0
DA:28,0
DA:29,0
DA:34,0
DA:35,0
DA:38,0
DA:39,0
DA:44,0
DA:45,0
DA:48,0
DA:49,0
DA:54,0
DA:55,0
DA:59,5
DA:61,0
LF:28
LH:8
BRDA:3,0,0,5
BRDA:3,0,1,5
BRF:2
BRH:2
end_of_record
TN:
SF:src/Charts/basicCharts/donutChart.js
FN:1,createD3DonutChart
FN:11,(anonymous_1)
FN:21,(anonymous_2)
FN:26,(anonymous_3)
FN:28,(anonymous_4)
FNF:5
FNH:1
FNDA:7,createD3DonutChart
FNDA:0,(anonymous_1)
FNDA:0,(anonymous_2)
FNDA:0,(anonymous_3)
FNDA:0,(anonymous_4)
DA:2,7
DA:3,7
DA:5,7
DA:9,7
DA:11,0
DA:13,7
DA:19,0
DA:21,0
DA:25,0
DA:26,0
DA:28,0
LF:11
LH:5
BRF:0
BRH:0
end_of_record
TN:
SF:src/Charts/basicCharts/funnelChart.js
FN:1,createD3FunnelChart
FN:7,(anonymous_1)
FN:13,(anonymous_2)
FN:17,(anonymous_3)
FN:18,(anonymous_4)
FN:20,(anonymous_5)
FNF:6
FNH:2
FNDA:5,createD3FunnelChart
FNDA:20,(anonymous_1)
FNDA:0,(anonymous_2)
FNDA:0,(anonymous_3)
FNDA:0,(anonymous_4)
FNDA:0,(anonymous_5)
DA:2,5
DA:3,5
DA:4,5
DA:5,5
DA:6,5
DA:7,20
DA:9,0
DA:13,0
DA:15,0
DA:17,0
DA:18,0
DA:20,0
LF:12
LH:6
BRF:0
BRH:0
end_of_record
TN:
SF:src/Charts/basicCharts/heatMap.js
FN:1,createD3Heatmap
FN:9,(anonymous_1)
FN:15,(anonymous_2)
FN:21,(anonymous_3)
FN:28,(anonymous_4)
FN:29,(anonymous_5)
FN:32,(anonymous_6)
FNF:7
FNH:2
FNDA:4,createD3Heatmap
FNDA:24,(anonymous_1)
FNDA:0,(anonymous_2)
FNDA:0,(anonymous_3)
FNDA:0,(anonymous_4)
FNDA:0,(anonymous_5)
FNDA:0,(anonymous_6)
DA:4,4
DA:5,4
DA:8,4
DA:9,24
DA:14,0
DA:15,0
DA:20,0
DA:21,0
DA:24,0
DA:28,0
DA:29,0
DA:32,0
DA:35,0
DA:47,0
LF:14
LH:4
BRDA:3,0,0,4
BRDA:3,1,0,4
BRF:2
BRH:2
end_of_record
TN:
SF:src/Charts/basicCharts/lineGraph.js
FN:1,createD3LineGraph
FN:7,(anonymous_1)
FN:8,(anonymous_2)
FNF:3
FNH:1
FNDA:6,createD3LineGraph
FNDA:0,(anonymous_1)
FNDA:0,(anonymous_2)
DA:2,6
DA:3,6
DA:4,6
DA:6,6
DA:7,0
DA:8,0
DA:10,6
LF:7
LH:5
BRDA:13,0,0,0
BRDA:13,0,1,0
BRDA:14,1,0,0
BRDA:14,1,1,0
BRF:4
BRH:0
end_of_record
TN:
SF:src/Charts/basicCharts/pieChart.js
FN:1,createD3PieChart
FN:9,(anonymous_1)
FN:14,(anonymous_2)
FN:27,(anonymous_3)
FN:43,(anonymous_4)
FN:46,(anonymous_5)
FNF:6
FNH:2
FNDA:5,createD3PieChart
FNDA:25,(anonymous_1)
FNDA:0,(anonymous_2)
FNDA:0,(anonymous_3)
FNDA:0,(anonymous_4)
FNDA:0,(anonymous_5)
DA:2,5
DA:3,5
DA:4,5
DA:5,5
DA:8,5
DA:9,25
DA:13,5
DA:14,0
DA:18,5
DA:23,5
DA:27,0
DA:33,0
DA:35,0
DA:40,0
DA:43,0
DA:46,0
LF:16
LH:9
BRDA:33,0,0,0
BRDA:33,0,1,0
BRF:2
BRH:0
end_of_record
TN:
SF:src/Charts/basicCharts/polarChart.js
FN:1,createD3PolarChart
FN:9,(anonymous_1)
FN:15,(anonymous_2)
FN:18,(anonymous_3)
FN:23,(anonymous_4)
FN:24,(anonymous_5)
FN:25,(anonymous_6)
FN:34,(anonymous_7)
FN:41,(anonymous_8)
FN:42,(anonymous_9)
FN:43,(anonymous_10)
FNF:11
FNH:4
FNDA:6,createD3PolarChart
FNDA:18,(anonymous_1)
FNDA:18,(anonymous_2)
FNDA:18,(anonymous_3)
FNDA:0,(anonymous_4)
FNDA:0,(anonymous_5)
FNDA:0,(anonymous_6)
FNDA:0,(anonymous_7)
FNDA:0,(anonymous_8)
FNDA:0,(anonymous_9)
FNDA:0,(anonymous_10)
DA:4,6
DA:5,6
DA:7,6
DA:9,18
DA:13,6
DA:15,18
DA:18,18
DA:20,0
DA:23,0
DA:24,0
DA:25,0
DA:29,0
DA:34,0
DA:37,0
DA:41,0
DA:42,0
DA:43,0
LF:17
LH:7
BRF:0
BRH:0
end_of_record
TN:
SF:src/Charts/basicCharts/radarChart.js
FN:1,createD3RadarChart
FN:20,(anonymous_1)
FN:20,(anonymous_2)
FN:34,(anonymous_3)
FN:35,(anonymous_4)
FN:36,(anonymous_5)
FN:37,(anonymous_6)
FN:49,(anonymous_7)
FN:50,(anonymous_8)
FN:51,(anonymous_9)
FN:63,(anonymous_10)
FN:64,(anonymous_11)
FNF:12
FNH:1
FNDA:10,createD3RadarChart
FNDA:0,(anonymous_1)
FNDA:0,(anonymous_2)
FNDA:0,(anonymous_3)
FNDA:0,(anonymous_4)
FNDA:0,(anonymous_5)
FNDA:0,(anonymous_6)
FNDA:0,(anonymous_7)
FNDA:0,(anonymous_8)
FNDA:0,(anonymous_9)
FNDA:0,(anonymous_10)
FNDA:0,(anonymous_11)
DA:4,10
DA:5,10
DA:6,10
DA:8,10
DA:10,10
DA:12,10
DA:15,10
DA:20,0
DA:27,0
DA:28,0
DA:29,0
DA:34,0
DA:35,0
DA:36,0
DA:37,0
DA:44,0
DA:49,0
DA:50,0
DA:51,0
DA:56,0
DA:63,0
DA:64,0
LF:22
LH:7
BRF:0
BRH:0
end_of_record
TN:
SF:src/Charts/basicCharts/scatterPlot.js
FN:1,createD3ScatterPlot
FN:11,(anonymous_1)
FN:12,(anonymous_2)
FNF:3
FNH:1
FNDA:5,createD3ScatterPlot
FNDA:0,(anonymous_1)
FNDA:0,(anonymous_2)
DA:2,5
DA:3,5
DA:4,5
DA:7,5
DA:11,0
DA:12,0
LF:6
LH:4
BRF:0
BRH:0
end_of_record
TN:
SF:src/Charts/basicCharts/stackedBarChart.js
FN:1,createD3StackedBarChart
FN:8,(anonymous_1)
FN:13,(anonymous_2)
FN:14,(anonymous_3)
FN:14,(anonymous_4)
FN:19,(anonymous_5)
FN:21,(anonymous_6)
FN:25,(anonymous_7)
FN:27,(anonymous_8)
FN:28,(anonymous_9)
FN:29,(anonymous_10)
FNF:11
FNH:2
FNDA:5,createD3StackedBarChart
FNDA:15,(anonymous_1)
FNDA:0,(anonymous_2)
FNDA:0,(anonymous_3)
FNDA:0,(anonymous_4)
FNDA:0,(anonymous_5)
FNDA:0,(anonymous_6)
FNDA:0,(anonymous_7)
FNDA:0,(anonymous_8)
FNDA:0,(anonymous_9)
FNDA:0,(anonymous_10)
DA:4,5
DA:7,5
DA:8,15
DA:12,0
DA:13,0
DA:14,0
DA:17,0
DA:19,0
DA:21,0
DA:24,0
DA:25,0
DA:27,0
DA:28,0
DA:29,0
LF:14
LH:3
BRF:0
BRH:0
end_of_record
TN:
SF:src/Charts/basicCharts/waterfallChart.js
FN:2,createD3WaterfallChart
FN:11,(anonymous_1)
FN:12,(anonymous_2)
FN:13,(anonymous_3)
FNF:4
FNH:1
FNDA:5,createD3WaterfallChart
FNDA:0,(anonymous_1)
FNDA:0,(anonymous_2)
FNDA:0,(anonymous_3)
DA:3,5
DA:4,5
DA:5,5
DA:7,5
DA:11,0
DA:12,0
DA:13,0
LF:7
LH:4
BRF:0
BRH:0
end_of_record
TN:
SF:src/Charts/hierarchicalCharts/treeDiagram.js
FN:1,createTreeDiagram
FN:33,(anonymous_1)
FN:33,(anonymous_2)
FN:40,(anonymous_3)
FN:50,(anonymous_4)
FN:51,(anonymous_5)
FNF:6
FNH:6
FNDA:4,createTreeDiagram
FNDA:40,(anonymous_1)
FNDA:40,(anonymous_2)
FNDA:24,(anonymous_3)
FNDA:24,(anonymous_4)
FNDA:24,(anonymous_5)
DA:8,4
DA:10,4
DA:19,4
DA:21,4
DA:23,4
DA:25,4
DA:33,40
DA:35,4
DA:40,24
DA:42,4
DA:47,4
DA:50,24
DA:51,24
LF:13
LH:13
BRDA:50,0,0,12
BRDA:50,0,1,12
BRF:2
BRH:2
end_of_record
TN:
SF:src/Classes/data/graphSuperClass.js
FN:15,(anonymous_0)
FNF:1
FNH:1
FNDA:1,(anonymous_0)
DA:16,1
DA:17,1
DA:18,1
LF:3
LH:3
BRF:0
BRH:0
end_of_record
TN:
SF:src/Classes/data/graphTypes/chartTypes.js
FN:10,(anonymous_0)
FNF:1
FNH:1
FNDA:1,(anonymous_0)
DA:11,1
LF:1
LH:1
BRF:0
BRH:0
end_of_record
TN:
SF:src/Classes/data/graphTypes/inputTypes.js
FN:10,(anonymous_0)
FNF:1
FNH:1
FNDA:1,(anonymous_0)
DA:12,1
LF:1
LH:1
BRF:0
BRH:0
end_of_record
TN:
SF:src/Classes/data/graphTypes/tagTypes.js
FN:10,(anonymous_0)
FNF:1
FNH:1
FNDA:1,(anonymous_0)
DA:12,1
LF:1
LH:1
BRF:0
BRH:0
end_of_record
TN:
SF:src/ValidatorFunctions/optionsValidator.js
FN:1,validateInputs
FN:23,(anonymous_1)
FNF:2
FNH:2
FNDA:3,validateInputs
FNDA:4,(anonymous_1)
DA:2,3
DA:3,1
DA:6,2
DA:7,1
DA:9,1
DA:11,1
DA:12,0
DA:15,1
DA:16,0
DA:19,1
DA:20,0
DA:23,4
DA:24,0
DA:28,1
LF:14
LH:10
BRDA:2,0,0,1
BRDA:2,0,1,2
BRDA:2,1,0,3
BRDA:2,1,1,2
BRDA:6,2,0,1
BRDA:6,2,1,1
BRDA:6,3,0,2
BRDA:6,3,1,2
BRDA:11,4,0,0
BRDA:11,4,1,1
BRDA:11,5,0,1
BRDA:11,5,1,1
BRDA:15,6,0,0
BRDA:15,6,1,1
BRDA:15,7,0,1
BRDA:15,7,1,1
BRDA:19,8,0,0
BRDA:19,8,1,1
BRDA:19,9,0,1
BRDA:19,9,1,1
BRDA:23,10,0,0
BRDA:23,10,1,1
BRF:22
BRH:18
end_of_record
